<?xml version="1.0" encoding="UTF-8"?>
<testsuite xmlns:xsi="http://www.w3.org/2001/XMLSchema-instance" xsi:noNamespaceSchemaLocation="https://maven.apache.org/surefire/maven-surefire-plugin/xsd/surefire-test-report.xsd" name="ru.netology.sqr.SQRServiceTest" time="2.806" tests="8" errors="0" skipped="0" failures="0">
  <properties>
[...]
</properties>
  <testcase name="shouldNumberOfSQR{String, int, int, int}[1]" classname="ru.netology.sqr.SQRServiceTest" time="0.537"/>
  <testcase name="shouldNumberOfSQR{String, int, int, int}[2]" classname="ru.netology.sqr.SQRServiceTest" time="0.007"/>
  <testcase name="shouldNumberOfSQR{String, int, int, int}[3]" classname="ru.netology.sqr.SQRServiceTest" time="0.004"/>
  <testcase name="shouldNumberOfSQR{String, int, int, int}[4]" classname="ru.netology.sqr.SQRServiceTest" time="0.008"/>
  <testcase name="shouldNumberOfSQR{String, int, int, int}[5]" classname="ru.netology.sqr.SQRServiceTest" time="0.001"/>
  <testcase name="shouldNumberOfSQR{String, int, int, int}[6]" classname="ru.netology.sqr.SQRServiceTest" time="0.001"/>
  <testcase name="shouldNumberOfSQR{String, int, int, int}[7]" classname="ru.netology.sqr.SQRServiceTest" time="0.002"/>
  <testcase name="shouldNumberOfSQR{String, int, int, int}[8]" classname="ru.netology.sqr.SQRServiceTest" time="0.002"/>
</testsuite>